<?xml version="1.0" encoding="utf-8"?><testsuites name="pytest tests"><testsuite name="pytest" errors="0" failures="0" skipped="0" tests="11" time="31.541" timestamp="2026-05-28T07:54:33.490390+00:00" hostname="agent-env-76773b65-9308-400a-af01-0d7eed307e0e"><testcase classname="backend.tests.test_idle_maker_api.TestHealth" name="test_root_api" time="0.345" /><testcase classname="backend.tests.test_idle_maker_api.TestHealth" name="test_health" time="0.050" /><testcase classname="backend.tests.test_idle_maker_api.TestMockData" name="test_mock_data_status" time="0.053" /><testcase classname="backend.tests.test_idle_maker_api.TestMockData" name="test_mock_data_concept" time="0.052" /><testcase classname="backend.tests.test_idle_maker_api.TestMockData" name="test_mock_data_currencies" time="0.047" /><testcase classname="backend.tests.test_idle_maker_api.TestMockData" name="test_mock_data_generators" time="0.050" /><testcase classname="backend.tests.test_idle_maker_api.TestMockData" name="test_mock_data_export_plan" time="0.048" /><testcase classname="backend.tests.test_idle_maker_api.TestStatusCRUD" name="test_create_status_and_persist" time="0.101" /><testcase classname="backend.tests.test_assets_generate.TestAssetsGenerate" name="test_generate_mascot_with_prompt" time="14.378" /><testcase classname="backend.tests.test_assets_generate.TestAssetsGenerate" name="test_generate_with_empty_prompt_uses_fallback" time="16.287" /><testcase classname="backend.tests.test_assets_generate.TestAssetsGenerate" name="test_generate_validation_missing_required_field" time="0.058" /></testsuite></testsuites>