<?xml version="1.0" encoding="utf-8"?><testsuites name="pytest tests"><testsuite name="pytest" errors="0" failures="0" skipped="0" tests="20" time="2.096" timestamp="2026-05-28T08:12:08.998543+00:00" hostname="agent-env-76773b65-9308-400a-af01-0d7eed307e0e"><testcase classname="backend.tests.test_projects_api.TestSeed" name="test_seed_default_project_exists" time="0.256" /><testcase classname="backend.tests.test_projects_api.TestSeed" name="test_summary_shape" time="0.045" /><testcase classname="backend.tests.test_projects_api.TestGetFull" name="test_get_full_project" time="0.089" /><testcase classname="backend.tests.test_projects_api.TestGetFull" name="test_get_404" time="0.052" /><testcase classname="backend.tests.test_projects_api.TestProjectLifecycle" name="test_create_project" time="0.091" /><testcase classname="backend.tests.test_projects_api.TestProjectLifecycle" name="test_update_concept_with_systems" time="0.137" /><testcase classname="backend.tests.test_projects_api.TestProjectLifecycle" name="test_update_title_also_updates_concept_title" time="0.087" /><testcase classname="backend.tests.test_projects_api.TestProjectLifecycle" name="test_update_playground_roundtrip" time="0.089" /><testcase classname="backend.tests.test_projects_api.TestProjectLifecycle" name="test_update_assets_roundtrip" time="0.136" /><testcase classname="backend.tests.test_projects_api.TestProjectLifecycle" name="test_duplicate_project" time="0.132" /><testcase classname="backend.tests.test_projects_api.TestProjectLifecycle" name="test_zzz_cleanup_created" time="0.089" /><testcase classname="backend.tests.test_projects_api.TestDeleteReseed" name="test_delete_all_triggers_reseed" time="0.254" /><testcase classname="backend.tests.test_idle_maker_api.TestHealth" name="test_root_api" time="0.164" /><testcase classname="backend.tests.test_idle_maker_api.TestHealth" name="test_health" time="0.048" /><testcase classname="backend.tests.test_idle_maker_api.TestMockData" name="test_mock_data_status" time="0.047" /><testcase classname="backend.tests.test_idle_maker_api.TestMockData" name="test_mock_data_concept" time="0.046" /><testcase classname="backend.tests.test_idle_maker_api.TestMockData" name="test_mock_data_currencies" time="0.047" /><testcase classname="backend.tests.test_idle_maker_api.TestMockData" name="test_mock_data_generators" time="0.047" /><testcase classname="backend.tests.test_idle_maker_api.TestMockData" name="test_mock_data_export_plan" time="0.045" /><testcase classname="backend.tests.test_idle_maker_api.TestStatusCRUD" name="test_create_status_and_persist" time="0.096" /></testsuite></testsuites>